


Forwarded port:same as remote port
Remote server: c28n08
Remote port: 9000
SSH server: grace.hpc.yale.edu
SSH login: tpp28
SSH port: 22

Use a Browser on your local machine to go to:
localhost:9000  (prefix w/ https:// if using password)

[I 13:54:15.003 NotebookApp] JupyterLab beta preview extension loaded from /home/fas/vandenbosch/tpp28/anaconda3/lib/python3.6/site-packages/jupyterlab
[I 13:54:15.004 NotebookApp] JupyterLab application directory is /gpfs/loomis/home.grace/fas/vandenbosch/tpp28/anaconda3/share/jupyter/lab
[I 13:54:15.038 NotebookApp] Serving notebooks from local directory: /gpfs/loomis/project/fas/vandenbosch/tpp28/AnalysisBloshoiPlank
[I 13:54:15.038 NotebookApp] 0 active kernels
[I 13:54:15.038 NotebookApp] The Jupyter Notebook is running at:
[I 13:54:15.038 NotebookApp] http://c28n08:9000/?token=5c6ef05afb6eaecda31eb781654c7aff4bf010a4615ebc3f
[I 13:54:15.038 NotebookApp] Use Control-C to stop this server and shut down all kernels (twice to skip confirmation).
[C 13:54:15.040 NotebookApp] 
    
    Copy/paste this URL into your browser when you connect for the first time,
    to login with a token:
        http://c28n08:9000/?token=5c6ef05afb6eaecda31eb781654c7aff4bf010a4615ebc3f&token=5c6ef05afb6eaecda31eb781654c7aff4bf010a4615ebc3f
[I 13:55:06.463 NotebookApp] 302 GET /?token=5c6ef05afb6eaecda31eb781654c7aff4bf010a4615ebc3f (10.181.0.14) 0.72ms
[W 13:55:18.018 NotebookApp] Notebook Main.ipynb is not trusted
[I 13:55:21.721 NotebookApp] Kernel started: 8927fc5d-7c77-4cd3-8497-09a24832021b
[I 13:55:22.981 NotebookApp] Adapting to protocol v5.1 for kernel 8927fc5d-7c77-4cd3-8497-09a24832021b
[I 13:57:19.556 NotebookApp] Saving file at /Main.ipynb
[W 13:57:19.558 NotebookApp] Notebook Main.ipynb is not trusted
[I 13:59:22.185 NotebookApp] Saving file at /Main.ipynb
[W 13:59:22.185 NotebookApp] Notebook Main.ipynb is not trusted
[I 14:01:21.641 NotebookApp] Saving file at /Main.ipynb
[W 14:01:21.642 NotebookApp] Notebook Main.ipynb is not trusted
[I 14:01:24.590 NotebookApp] Saving file at /Main.ipynb
[W 14:01:24.591 NotebookApp] Notebook Main.ipynb is not trusted
[I 14:02:20.857 NotebookApp] Saving file at /Main.ipynb
[W 14:02:20.858 NotebookApp] Notebook Main.ipynb is not trusted
[I 14:03:22.130 NotebookApp] Saving file at /Main.ipynb
[I 14:05:21.803 NotebookApp] Saving file at /Main.ipynb
[I 14:07:21.774 NotebookApp] Saving file at /Main.ipynb
[I 14:09:21.735 NotebookApp] Saving file at /Main.ipynb
[I 14:11:21.767 NotebookApp] Saving file at /Main.ipynb
[I 14:12:50.965 NotebookApp] Saving file at /Main.ipynb
[I 14:13:22.194 NotebookApp] Saving file at /Main.ipynb
[I 14:14:27.656 NotebookApp] Saving file at /Main.ipynb
[I 14:15:22.027 NotebookApp] Saving file at /Main.ipynb
[I 14:16:01.816 NotebookApp] Saving file at /Main.ipynb
[I 14:17:22.198 NotebookApp] Saving file at /Main.ipynb
[I 14:19:22.015 NotebookApp] Saving file at /Main.ipynb
[I 14:21:21.887 NotebookApp] Saving file at /Main.ipynb
[I 14:23:21.933 NotebookApp] Saving file at /Main.ipynb
[I 14:25:21.864 NotebookApp] Saving file at /Main.ipynb
[I 14:27:21.933 NotebookApp] Saving file at /Main.ipynb
[I 14:27:55.482 NotebookApp] Saving file at /Main.ipynb
[I 14:29:22.311 NotebookApp] Saving file at /Main.ipynb
[I 14:31:22.298 NotebookApp] Saving file at /Main.ipynb
[I 14:45:01.071 NotebookApp] Saving file at /Main.ipynb
[I 14:45:22.441 NotebookApp] Saving file at /Main.ipynb
[I 14:45:34.482 NotebookApp] Saving file at /Main.ipynb
[I 14:47:23.224 NotebookApp] Saving file at /Main.ipynb
[I 14:49:22.078 NotebookApp] Saving file at /Main.ipynb
[I 14:51:22.065 NotebookApp] Saving file at /Main.ipynb
[I 14:53:22.367 NotebookApp] Saving file at /Main.ipynb
[I 14:55:22.049 NotebookApp] Saving file at /Main.ipynb
[I 14:59:22.444 NotebookApp] Saving file at /Main.ipynb
[I 15:01:22.518 NotebookApp] Saving file at /Main.ipynb
[I 15:03:22.370 NotebookApp] Saving file at /Main.ipynb
[I 15:07:22.122 NotebookApp] Saving file at /Main.ipynb
[I 15:09:22.105 NotebookApp] Saving file at /Main.ipynb
[I 15:11:22.121 NotebookApp] Saving file at /Main.ipynb
[I 15:12:02.363 NotebookApp] Saving file at /Main.ipynb
[I 15:13:22.472 NotebookApp] Saving file at /Main.ipynb
[I 15:13:24.044 NotebookApp] Saving file at /Main.ipynb
[I 15:14:30.663 NotebookApp] Saving file at /Main.ipynb
[I 15:15:22.267 NotebookApp] Saving file at /Main.ipynb
[I 15:17:16.673 NotebookApp] Saving file at /Main.ipynb
[I 15:17:22.344 NotebookApp] Saving file at /Main.ipynb
[I 15:19:22.267 NotebookApp] Saving file at /Main.ipynb
[I 15:21:22.256 NotebookApp] Saving file at /Main.ipynb
[I 15:22:23.313 NotebookApp] Saving file at /Main.ipynb
[I 15:23:22.767 NotebookApp] Saving file at /Main.ipynb
[I 15:25:22.555 NotebookApp] Saving file at /Main.ipynb
[I 15:27:22.316 NotebookApp] Saving file at /Main.ipynb
[I 15:29:22.655 NotebookApp] Saving file at /Main.ipynb
[I 15:31:22.340 NotebookApp] Saving file at /Main.ipynb
[I 15:33:22.407 NotebookApp] Saving file at /Main.ipynb
[I 15:35:22.380 NotebookApp] Saving file at /Main.ipynb
[I 15:37:22.390 NotebookApp] Saving file at /Main.ipynb
[I 15:37:41.556 NotebookApp] Saving file at /Main.ipynb
[I 15:39:22.711 NotebookApp] Saving file at /Main.ipynb
[I 15:41:22.496 NotebookApp] Saving file at /Main.ipynb
[I 15:43:22.677 NotebookApp] Saving file at /Main.ipynb
[I 15:45:22.665 NotebookApp] Saving file at /Main.ipynb
[I 15:47:22.922 NotebookApp] Saving file at /Main.ipynb
[I 15:49:22.571 NotebookApp] Saving file at /Main.ipynb
[I 15:51:22.624 NotebookApp] Saving file at /Main.ipynb
[I 15:53:22.529 NotebookApp] Saving file at /Main.ipynb
[I 15:54:13.096 NotebookApp] Saving file at /Main.ipynb
[I 15:55:23.014 NotebookApp] Saving file at /Main.ipynb
[I 15:57:22.772 NotebookApp] Saving file at /Main.ipynb
[I 15:58:38.179 NotebookApp] Saving file at /Main.ipynb
[I 15:58:39.800 NotebookApp] Starting buffering for 8927fc5d-7c77-4cd3-8497-09a24832021b:0ed35e045d504a759e5913961743ca27
